#
# There is insufficient memory for the Java Runtime Environment to continue.
# Native memory allocation (malloc) failed to allocate 1048576 bytes for AllocateHeap
# Possible reasons:
#   The system is out of physical RAM or swap space
#   In 32 bit mode, the process size limit was hit
# Possible solutions:
#   Reduce memory load on the system
#   Increase physical memory or swap space
#   Check if swap backing store is full
#   Use 64 bit Java on a 64 bit OS
#   Decrease Java heap size (-Xmx/-Xms)
#   Decrease number of Java threads
#   Decrease Java thread stack sizes (-Xss)
#   Set larger code cache with -XX:ReservedCodeCacheSize=
# This output file may be truncated or incomplete.
#
#  Out of Memory Error (memory/allocation.inline.hpp:61), pid=11288, tid=11468
#
# JRE version:  (8.0_73-b02) (build )
# Java VM: Java HotSpot(TM) 64-Bit Server VM (25.73-b02 mixed mode windows-amd64 compressed oops)
# Failed to write core dump. Minidumps are not enabled by default on client versions of Windows
#

---------------  T H R E A D  ---------------

Current thread (0x0000000000d9e000):  JavaThread "Unknown thread" [_thread_in_vm, id=11468, stack(0x0000000002720000,0x0000000002820000)]

Stack: [0x0000000002720000,0x0000000002820000]
[error occurred during error reporting (printing stack bounds), id 0xc0000005]

Native frames: (J=compiled Java code, j=interpreted, Vv=VM code, C=native code)


---------------  P R O C E S S  ---------------

Java Threads: ( => current thread )

Other Threads:

=>0x0000000000d9e000 (exited) JavaThread "Unknown thread" [_thread_in_vm, id=11468, stack(0x0000000002720000,0x0000000002820000)]

VM state:not at safepoint (normal execution)

VM Mutex/Monitor currently owned by a thread: None

Heap:
 PSYoungGen      total 2048K, used 30K [0x00000000eaf00000, 0x00000000eb180000, 0x0000000100000000)
  eden space 1536K, 2% used [0x00000000eaf00000,0x00000000eaf07af0,0x00000000eb080000)
  from space 512K, 0% used [0x00000000eb100000,0x00000000eb100000,0x00000000eb180000)
  to   space 512K, 0% used [0x00000000eb080000,0x00000000eb080000,0x00000000eb100000)
 ParOldGen       total 5632K, used 0K [0x00000000c0c00000, 0x00000000c1180000, 0x00000000eaf00000)
  object space 5632K, 0% used [0x00000000c0c00000,0x00000000c0c00000,0x00000000c1180000)
 Metaspace       used 783K, capacity 1092K, committed 1152K, reserved 1060864K
  class space    used 75K, capacity 384K, committed 384K, reserved 1048576K

Card table byte_map: [0x0000000011ce0000,0x0000000011ee0000] byte_map_base: 0x00000000116da000

Marking Bits: (ParMarkBitMap*) 0x0000000055b40600
 Begin Bits: [0x0000000012440000, 0x0000000013410000)
 End Bits:   [0x0000000013410000, 0x00000000143e0000)

Polling page: 0x0000000000f30000

CodeCache: size=245760Kb used=328Kb max_used=328Kb free=245431Kb
 bounds [0x0000000002920000, 0x0000000002b90000, 0x0000000011920000]
 total_blobs=57 nmethods=0 adapters=37
 compilation: enabled

Compilation events (0 events):
No events

GC Heap History (0 events):
No events

Deoptimization events (0 events):
No events

Internal exceptions (0 events):
No events

Events (10 events):
Event: 0.051 loading class java/lang/Short
Event: 0.052 loading class java/lang/Short done
Event: 0.052 loading class java/lang/Integer
Event: 0.052 loading class java/lang/Integer done
Event: 0.052 loading class java/lang/Long
Event: 0.052 loading class java/lang/Long done
Event: 0.054 loading class java/lang/NullPointerException
Event: 0.054 loading class java/lang/NullPointerException done
Event: 0.054 loading class java/lang/ArithmeticException
Event: 0.054 loading class java/lang/ArithmeticException done


Dynamic libraries:
0x00007ff625bf0000 - 0x00007ff625bf7000 	C:\Program Files\Java\jdk1.8.0_73\bin\javac.exe
0x00007ffcd6860000 - 0x00007ffcd6a0d000 	C:\WINDOWS\SYSTEM32\ntdll.dll
0x00007ffcd6110000 - 0x00007ffcd624e000 	C:\WINDOWS\system32\KERNEL32.DLL
0x00007ffcd3ae0000 - 0x00007ffcd3bf5000 	C:\WINDOWS\system32\KERNELBASE.dll
0x0000000055090000 - 0x00000000550bf000 	C:\Program Files\Java\jdk1.8.0_73\bin\jli.dll
0x0000000054fb0000 - 0x0000000055082000 	C:\Program Files\Java\jdk1.8.0_73\bin\MSVCR100.dll
0x00007ffcd3f70000 - 0x00007ffcd401a000 	C:\WINDOWS\system32\ADVAPI32.dll
0x00007ffcd11e0000 - 0x00007ffcd145b000 	C:\WINDOWS\WinSxS\amd64_microsoft.windows.common-controls_6595b64144ccf1df_6.0.9600.18006_none_623f33d3ecbe86e8\COMCTL32.dll
0x00007ffcd6590000 - 0x00007ffcd6707000 	C:\WINDOWS\system32\USER32.dll
0x00007ffcd5db0000 - 0x00007ffcd5e5a000 	C:\WINDOWS\system32\msvcrt.dll
0x00007ffcd5670000 - 0x00007ffcd56c9000 	C:\WINDOWS\SYSTEM32\sechost.dll
0x00007ffcd5e60000 - 0x00007ffcd5fa1000 	C:\WINDOWS\system32\RPCRT4.dll
0x00007ffcd6710000 - 0x00007ffcd6860000 	C:\WINDOWS\system32\GDI32.dll
0x00007ffcd5ce0000 - 0x00007ffcd5d16000 	C:\WINDOWS\system32\IMM32.DLL
0x00007ffcd5fb0000 - 0x00007ffcd6102000 	C:\WINDOWS\system32\MSCTF.dll
0x0000000056ad0000 - 0x0000000056ba2000 	C:\Program Files\Java\jdk1.8.0_73\jre\bin\msvcr100.dll
0x0000000055330000 - 0x0000000055bc0000 	C:\Program Files\Java\jdk1.8.0_73\jre\bin\server\jvm.dll
0x00007ffcca090000 - 0x00007ffcca099000 	C:\WINDOWS\SYSTEM32\WSOCK32.dll
0x00007ffcc75d0000 - 0x00007ffcc75f2000 	C:\WINDOWS\SYSTEM32\WINMM.dll
0x00007ffcd1080000 - 0x00007ffcd108a000 	C:\WINDOWS\SYSTEM32\VERSION.dll
0x00007ffcd3ee0000 - 0x00007ffcd3ee7000 	C:\WINDOWS\system32\PSAPI.DLL
0x00007ffcd5c70000 - 0x00007ffcd5cca000 	C:\WINDOWS\system32\WS2_32.dll
0x00007ffcc73e0000 - 0x00007ffcc740a000 	C:\WINDOWS\SYSTEM32\WINMMBASE.dll
0x00007ffcd5da0000 - 0x00007ffcd5da9000 	C:\WINDOWS\system32\NSI.dll
0x00007ffcd3cb0000 - 0x00007ffcd3cff000 	C:\WINDOWS\SYSTEM32\cfgmgr32.dll
0x00007ffcd27b0000 - 0x00007ffcd27d8000 	C:\WINDOWS\SYSTEM32\DEVOBJ.dll
0x0000000057d70000 - 0x0000000057d7f000 	C:\Program Files\Java\jdk1.8.0_73\jre\bin\verify.dll
0x0000000056a60000 - 0x0000000056a89000 	C:\Program Files\Java\jdk1.8.0_73\jre\bin\java.dll
0x0000000057d50000 - 0x0000000057d66000 	C:\Program Files\Java\jdk1.8.0_73\jre\bin\zip.dll

VM Arguments:
jvm_args: -Dapplication.home=C:\Program Files\Java\jdk1.8.0_73 -Xms8m 
java_command: com.sun.tools.javac.Main -d C:\Users\cibin\Documents\NetBeansProjects\newww\Ent\build\classes -classpath C:\Users\cibin\Documents\NetBeansProjects\newww\Ent\build\classes;C:\Program Files (x86)\NetBeans 8.1\java\modules\ext\eclipselink\eclipselink.jar;C:\Program Files (x86)\NetBeans 8.1\java\modules\ext\eclipselink\javax.persistence_2.1.0.v201304241213.jar;C:\Program Files (x86)\NetBeans 8.1\java\modules\ext\eclipselink\org.eclipse.persistence.jpa.jpql_2.5.2.v20140319-9ad6abd.jar -sourcepath C:\Users\cibin\Documents\NetBeansProjects\newww\Ent\build\empty -target 1.8 -encoding UTF-8 -g -processorpath C:\Program Files (x86)\NetBeans 8.1\java\modules\ext\eclipselink\eclipselink.jar;C:\Program Files (x86)\NetBeans 8.1\java\modules\ext\eclipselink\javax.persistence_2.1.0.v201304241213.jar;C:\Program Files (x86)\NetBeans 8.1\java\modules\ext\eclipselink\org.eclipse.persistence.jpa.jpql_2.5.2.v20140319-9ad6abd.jar;C:\Program Files (x86)\NetBeans 8.1\java\modules\ext\eclipselink\org.eclipse.persistence.jpa.modelgen_2.5.2.v20140319-9ad6abd.jar;C:\Users\cibin\Documents\NetBeansProjects\newww\Ent\build\empty -Aeclipselink.canonicalmodel.use_static_factory=false -s C:\Users\cibin\Documents\NetBeansProjects\newww\Ent\build\generated-sources\ap-source-output -source 1.8 C:\Users\cibin\Documents\NetBeansProjects\newww\Ent\src\ejb\Myuser.java
java_class_path (initial): C:\Program Files\Java\jdk1.8.0_73/lib/tools.jar;C:\Program Files\Java\jdk1.8.0_73/classes
Launcher Type: SUN_STANDARD

Environment Variables:
PATH=C:\ProgramData\Oracle\Java\javapath;C:\Program Files (x86)\Intel\iCLS Client\;C:\Program Files\Intel\iCLS Client\;C:\Program Files (x86)\AMD APP\bin\x86_64;C:\Program Files (x86)\AMD APP\bin\x86;C:\WINDOWS\system32;C:\WINDOWS;C:\WINDOWS\System32\Wbem;C:\WINDOWS\System32\WindowsPowerShell\v1.0\;C:\Program Files (x86)\ATI Technologies\ATI.ACE\Core-Static;C:\Program Files\Intel\Intel(R) Management Engine Components\DAL;C:\Program Files\Intel\Intel(R) Management Engine Components\IPT;C:\Program Files (x86)\Intel\Intel(R) Management Engine Components\DAL;C:\Program Files (x86)\Intel\Intel(R) Management Engine Components\IPT;C:\Program Files\Sony\VAIO Improvement\;C:\Program Files (x86)\Sony\VAIO Startup Setting Tool
USERNAME=cibin
OS=Windows_NT
PROCESSOR_IDENTIFIER=Intel64 Family 6 Model 58 Stepping 9, GenuineIntel



---------------  S Y S T E M  ---------------

OS: Windows 8.1 , 64 bit Build 9600 (6.3.9600.17415)

CPU:total 4 (2 cores per cpu, 2 threads per core) family 6 model 58 stepping 9, cmov, cx8, fxsr, mmx, sse, sse2, sse3, ssse3, sse4.1, sse4.2, popcnt, avx, aes, clmul, erms, ht, tsc, tscinvbit, tscinv

Memory: 4k page, physical 4140316k(690540k free), swap 16723228k(5860k free)

vm_info: Java HotSpot(TM) 64-Bit Server VM (25.73-b02) for windows-amd64 JRE (1.8.0_73-b02), built on Jan 29 2016 17:38:49 by "java_re" with MS VC++ 10.0 (VS2010)

time: Tue May 03 14:02:33 2016
elapsed time: 0 seconds (0d 0h 0m 0s)

